<?xml version="1.0" encoding="UTF-8"?>
<!-- Generated by org.testng.reporters.JUnitXMLReporter -->
<testsuite ignored="0" hostname="DESKTOP-AH8P6HB" failures="0" tests="4" name="Default test" time="12.832" errors="0" timestamp="2023-11-13T10:36:58 EST">
  <testcase classname="Api.Test.UserTests" name="testCreateUser" time="6.213"/>
  <testcase classname="Api.Test.UserTests" name="testgetUserbyName" time="1.151"/>
  <testcase classname="Api.Test.UserTests" name="testUpdateUserbyName" time="2.731"/>
  <testcase classname="Api.Test.UserTests" name="testDeleteUserbyName" time="2.187"/>
</testsuite> <!-- Default test -->
