<?xml version="1.0" encoding="UTF-8"?>
<testng-results ignored="0" total="4" passed="4" failed="0" skipped="0">
  <reporter-output>
  </reporter-output>
  <suite started-at="2023-11-14T12:57:08 EST" name="PetSuite" finished-at="2023-11-14T12:57:13 EST" duration-ms="4831">
    <groups>
    </groups>
    <test started-at="2023-11-14T12:57:08 EST" name="PetStoreTest" finished-at="2023-11-14T12:57:13 EST" duration-ms="4831">
      <class name="Api.Test.UserTests">
        <test-method is-config="true" signature="setupData()[pri:0, instance:Api.Test.UserTests@479d31f3]" started-at="2023-11-14T12:57:08 EST" name="setupData" finished-at="2023-11-14T12:57:10 EST" duration-ms="1202" status="PASS">
          <reporter-output>
          </reporter-output>
        </test-method> <!-- setupData -->
        <test-method signature="testCreateUser()[pri:1, instance:Api.Test.UserTests@479d31f3]" started-at="2023-11-14T12:57:10 EST" name="testCreateUser" finished-at="2023-11-14T12:57:12 EST" duration-ms="2653" status="PASS">
          <reporter-output>
          </reporter-output>
        </test-method> <!-- testCreateUser -->
        <test-method signature="testgetUserbyName()[pri:2, instance:Api.Test.UserTests@479d31f3]" started-at="2023-11-14T12:57:12 EST" name="testgetUserbyName" finished-at="2023-11-14T12:57:12 EST" duration-ms="175" status="PASS">
          <reporter-output>
          </reporter-output>
        </test-method> <!-- testgetUserbyName -->
        <test-method signature="testUpdateUserbyName()[pri:3, instance:Api.Test.UserTests@479d31f3]" started-at="2023-11-14T12:57:12 EST" name="testUpdateUserbyName" finished-at="2023-11-14T12:57:13 EST" duration-ms="298" status="PASS">
          <reporter-output>
          </reporter-output>
        </test-method> <!-- testUpdateUserbyName -->
        <test-method signature="testDeleteUserbyName()[pri:4, instance:Api.Test.UserTests@479d31f3]" started-at="2023-11-14T12:57:13 EST" name="testDeleteUserbyName" finished-at="2023-11-14T12:57:13 EST" duration-ms="125" status="PASS">
          <reporter-output>
          </reporter-output>
        </test-method> <!-- testDeleteUserbyName -->
      </class> <!-- Api.Test.UserTests -->
    </test> <!-- PetStoreTest -->
  </suite> <!-- PetSuite -->
</testng-results>
